<?xml version="1.0" encoding="UTF-8"?>
<testng-results skipped="0" failed="0" ignored="0" total="1" passed="1">
  <reporter-output>
  </reporter-output>
  <suite name="Command line suite" duration-ms="1893" started-at="2019-08-12T19:08:37Z" finished-at="2019-08-12T19:08:39Z">
    <groups>
    </groups>
    <test name="Command line test" duration-ms="1893" started-at="2019-08-12T19:08:37Z" finished-at="2019-08-12T19:08:39Z">
      <class name="gov.nih.k9dc.NewTest">
        <test-method status="PASS" signature="beforeClass()[pri:0, instance:gov.nih.k9dc.NewTest@49e4cb85]" name="beforeClass" is-config="true" duration-ms="1249" started-at="2019-08-12T19:08:37Z" finished-at="2019-08-12T19:08:39Z">
          <reporter-output>
          </reporter-output>
        </test-method> <!-- beforeClass -->
        <test-method status="PASS" signature="f()[pri:0, instance:gov.nih.k9dc.NewTest@49e4cb85]" name="f" duration-ms="555" started-at="2019-08-12T19:08:39Z" finished-at="2019-08-12T19:08:39Z">
          <reporter-output>
          </reporter-output>
        </test-method> <!-- f -->
        <test-method status="PASS" signature="afterClass()[pri:0, instance:gov.nih.k9dc.NewTest@49e4cb85]" name="afterClass" is-config="true" duration-ms="79" started-at="2019-08-12T19:08:39Z" finished-at="2019-08-12T19:08:39Z">
          <reporter-output>
          </reporter-output>
        </test-method> <!-- afterClass -->
      </class> <!-- gov.nih.k9dc.NewTest -->
    </test> <!-- Command line test -->
  </suite> <!-- Command line suite -->
</testng-results>
