<?xml version="1.0" encoding="UTF-8"?>
<!-- Generated by org.testng.reporters.JUnitXMLReporter -->
<testsuite hostname="C1100566" name="Test" tests="1" failures="1" timestamp="22 Apr 2019 20:16:42 GMT" time="22.056" errors="0">
  <testcase name="mpAccount_creation" time="20.712" classname="mpAccount.mpAccountRunner">
    <failure type="java.lang.Exception">
      <![CDATA[java.lang.Exception
	at utility.Utils.takeScreenshot(Utils.java:265)
	at mpAccount.mpAccountRunner.mpAccount_creation(mpAccountRunner.java:77)
... Removed 24 stack frames]]>
    </failure>
  </testcase> <!-- mpAccount_creation -->
</testsuite> <!-- Test -->
