<?xml version="1.0" encoding="UTF-8"?>
<!-- Generated by org.testng.reporters.JUnitXMLReporter -->
<testsuite hostname="Vincents-MacBook-Pro.local" ignored="0" name="Test" tests="1" failures="0" timestamp="01 May 2019 21:39:00 GMT" time="0.046" errors="0">
  <testcase name="@BeforeTest beforeTest" time="0.015" classname="example.NewTest">
    <failure type="java.lang.Error" message="Unresolved compilation problem: 
	driver cannot be resolved to a variable
">
      <![CDATA[java.lang.Error: Unresolved compilation problem: 
driver cannot be resolved to a variable

at example.NewTest.beforeTest(NewTest.java:23)
... Removed 24 stack frames]]>
    </failure>
  </testcase> <!-- @BeforeTest beforeTest -->
  <testcase name="@AfterTest afterTest" time="0.0" classname="example.NewTest">
    <skipped/>
  </testcase> <!-- @AfterTest afterTest -->
  <testcase name="firstTest" time="0.0" classname="example.NewTest">
    <skipped/>
  </testcase> <!-- firstTest -->
</testsuite> <!-- Test -->
