<?xml version="1.0" encoding="UTF-8"?>
<testng-results skipped="0" failed="0" total="1" passed="1">
  <reporter-output>
    <line>
      <![CDATA[SignIn Action is successfully perfomred]]>
    </line>
  </reporter-output>
  <suite name="Default suite" duration-ms="54894" started-at="2019-04-23T16:38:34Z" finished-at="2019-04-23T16:39:29Z">
    <groups>
    </groups>
    <test name="Default test" duration-ms="54894" started-at="2019-04-23T16:38:34Z" finished-at="2019-04-23T16:39:29Z">
      <class name="mpAccount.mpAccountRunner">
        <test-method status="PASS" signature="beforeClass()[pri:0, instance:mpAccount.mpAccountRunner@14bf9759]" name="beforeClass" is-config="true" duration-ms="293" started-at="2019-04-23T12:38:34Z" finished-at="2019-04-23T12:38:34Z">
          <reporter-output>
          </reporter-output>
        </test-method> <!-- beforeClass -->
        <test-method status="PASS" signature="Login()[pri:0, instance:mpAccount.mpAccountRunner@14bf9759]" name="Login" is-config="true" duration-ms="595" started-at="2019-04-23T12:38:34Z" finished-at="2019-04-23T12:38:35Z">
          <reporter-output>
          </reporter-output>
        </test-method> <!-- Login -->
        <test-method status="PASS" signature="mpAccount_creation()[pri:0, instance:mpAccount.mpAccountRunner@14bf9759]" name="mpAccount_creation" duration-ms="53565" started-at="2019-04-23T12:38:35Z" finished-at="2019-04-23T12:39:28Z">
          <reporter-output>
            <line>
              <![CDATA[SignIn Action is successfully perfomred]]>
            </line>
          </reporter-output>
        </test-method> <!-- mpAccount_creation -->
        <test-method status="PASS" signature="afterMethod()[pri:0, instance:mpAccount.mpAccountRunner@14bf9759]" name="afterMethod" is-config="true" duration-ms="3" started-at="2019-04-23T12:39:28Z" finished-at="2019-04-23T12:39:28Z">
          <reporter-output>
          </reporter-output>
        </test-method> <!-- afterMethod -->
        <test-method status="PASS" signature="afterClass()[pri:0, instance:mpAccount.mpAccountRunner@14bf9759]" name="afterClass" is-config="true" duration-ms="421" started-at="2019-04-23T12:39:28Z" finished-at="2019-04-23T12:39:29Z">
          <reporter-output>
          </reporter-output>
        </test-method> <!-- afterClass -->
        <test-method status="PASS" signature="SendEmailReport()[pri:0, instance:mpAccount.mpAccountRunner@14bf9759]" name="SendEmailReport" is-config="true" duration-ms="1" started-at="2019-04-23T12:39:29Z" finished-at="2019-04-23T12:39:29Z">
          <reporter-output>
          </reporter-output>
        </test-method> <!-- SendEmailReport -->
      </class> <!-- mpAccount.mpAccountRunner -->
    </test> <!-- Default test -->
  </suite> <!-- Default suite -->
</testng-results>
