<?xml version="1.0" encoding="UTF-8"?>
<testng-results skipped="0" failed="0" ignored="0" total="1" passed="1">
  <reporter-output>
  </reporter-output>
  <suite name="Default suite" duration-ms="6047" started-at="2019-05-01T22:19:07Z" finished-at="2019-05-01T22:19:13Z">
    <groups>
    </groups>
    <test name="Default test" duration-ms="6047" started-at="2019-05-01T22:19:07Z" finished-at="2019-05-01T22:19:13Z">
      <class name="example.NewTest">
        <test-method status="PASS" signature="beforeTest()[pri:0, instance:example.NewTest@1d057a39]" name="beforeTest" is-config="true" duration-ms="3222" started-at="2019-05-01T22:19:07Z" finished-at="2019-05-01T22:19:10Z">
          <reporter-output>
          </reporter-output>
        </test-method> <!-- beforeTest -->
        <test-method status="PASS" signature="firstTest()[pri:0, instance:example.NewTest@1d057a39]" name="firstTest" duration-ms="2055" started-at="2019-05-01T22:19:10Z" finished-at="2019-05-01T22:19:12Z">
          <reporter-output>
          </reporter-output>
        </test-method> <!-- firstTest -->
        <test-method status="PASS" signature="afterTest()[pri:0, instance:example.NewTest@1d057a39]" name="afterTest" is-config="true" duration-ms="743" started-at="2019-05-01T22:19:12Z" finished-at="2019-05-01T22:19:13Z">
          <reporter-output>
          </reporter-output>
        </test-method> <!-- afterTest -->
      </class> <!-- example.NewTest -->
    </test> <!-- Default test -->
  </suite> <!-- Default suite -->
</testng-results>
